{"/home/ericka/projetos/md-link/SAP003-md-links/lib/index.js": {"path":"/home/ericka/projetos/md-link/SAP003-md-links/lib/index.js","statementMap":{"0":{"start":{"line":2,"column":11},"end":{"line":2,"column":24}},"1":{"start":{"line":5,"column":4},"end":{"line":31,"column":6}},"2":{"start":{"line":8,"column":8},"end":{"line":30,"column":10}},"3":{"start":{"line":9,"column":12},"end":{"line":28,"column":13}},"4":{"start":{"line":10,"column":16},"end":{"line":10,"column":61}},"5":{"start":{"line":12,"column":29},"end":{"line":12,"column":44}},"6":{"start":{"line":13,"column":30},"end":{"line":13,"column":68}},"7":{"start":{"line":14,"column":28},"end":{"line":14,"column":30}},"8":{"start":{"line":16,"column":16},"end":{"line":26,"column":17}},"9":{"start":{"line":21,"column":20},"end":{"line":24,"column":22}},"10":{"start":{"line":27,"column":16},"end":{"line":27,"column":29}},"11":{"start":{"line":34,"column":0},"end":{"line":34,"column":25}}},"fnMap":{"0":{"name":"mdLinks","decl":{"start":{"line":4,"column":9},"end":{"line":4,"column":16}},"loc":{"start":{"line":4,"column":23},"end":{"line":32,"column":1}},"line":4},"1":{"name":"(anonymous_1)","decl":{"start":{"line":5,"column":23},"end":{"line":5,"column":24}},"loc":{"start":{"line":5,"column":44},"end":{"line":31,"column":5}},"line":5},"2":{"name":"(anonymous_2)","decl":{"start":{"line":8,"column":26},"end":{"line":8,"column":27}},"loc":{"start":{"line":8,"column":41},"end":{"line":30,"column":9}},"line":8}},"branchMap":{"0":{"loc":{"start":{"line":9,"column":12},"end":{"line":28,"column":13}},"type":"if","locations":[{"start":{"line":9,"column":12},"end":{"line":28,"column":13}},{"start":{"line":9,"column":12},"end":{"line":28,"column":13}}],"line":9}},"s":{"0":1,"1":2,"2":2,"3":2,"4":1,"5":1,"6":1,"7":1,"8":1,"9":3,"10":1,"11":1},"f":{"0":2,"1":2,"2":2},"b":{"0":[1,1]},"_coverageSchema":"43e27e138ebf9cfc5966b082cf9a028302ed4184","hash":"7965bb8827895973a948a90067b1382897f8a855"}
}
